android-app/app/build/intermediates/manifest_merge_blame_file/debug/processDebugMainManifest/manifest-merger-blame-debug-report.txt
1<?xml version="1.0" encoding="utf-8"?>
2<manifest xmlns:android="http://schemas.android.com/apk/res/android"
3    package="com.monux"
4    android:versionCode="1"
5    android:versionName="0.1.0" >
6
7    <uses-sdk
8        android:minSdkVersion="29"
9        android:targetSdkVersion="34" />
10
11    <uses-permission android:name="android.permission.FOREGROUND_SERVICE" />
11-->src/main/AndroidManifest.xml:4:5-77
11-->src/main/AndroidManifest.xml:4:22-74
12    <uses-permission android:name="android.permission.FOREGROUND_SERVICE_DATA_SYNC" />
12-->src/main/AndroidManifest.xml:5:5-87
12-->src/main/AndroidManifest.xml:5:22-84
13    <uses-permission android:name="android.permission.POST_NOTIFICATIONS" />
13-->src/main/AndroidManifest.xml:6:5-77
13-->src/main/AndroidManifest.xml:6:22-74
14    <uses-permission android:name="android.permission.READ_SMS" />
14-->src/main/AndroidManifest.xml:7:5-67
14-->src/main/AndroidManifest.xml:7:22-64
15    <uses-permission android:name="android.permission.SEND_SMS" />
15-->src/main/AndroidManifest.xml:8:5-67
15-->src/main/AndroidManifest.xml:8:22-64
16    <uses-permission android:name="android.permission.READ_CONTACTS" />
16-->src/main/AndroidManifest.xml:9:5-72
16-->src/main/AndroidManifest.xml:9:22-69
17    <uses-permission android:name="android.permission.INTERNET" />
17-->src/main/AndroidManifest.xml:10:5-67
17-->src/main/AndroidManifest.xml:10:22-64
18    <uses-permission android:name="android.permission.ACCESS_NETWORK_STATE" />
18-->src/main/AndroidManifest.xml:11:5-79
18-->src/main/AndroidManifest.xml:11:22-76
19    <uses-permission android:name="android.permission.CHANGE_WIFI_MULTICAST_STATE" />
19-->src/main/AndroidManifest.xml:12:5-86
19-->src/main/AndroidManifest.xml:12:22-83
20
21    <permission
21-->[androidx.core:core:1.13.1] AndroidManifest.xml:22:5-24:47
22        android:name="com.monux.DYNAMIC_RECEIVER_NOT_EXPORTED_PERMISSION"
22-->[androidx.core:core:1.13.1] AndroidManifest.xml:23:9-81
23        android:protectionLevel="signature" />
23-->[androidx.core:core:1.13.1] AndroidManifest.xml:24:9-44
24
25    <uses-permission android:name="com.monux.DYNAMIC_RECEIVER_NOT_EXPORTED_PERMISSION" />
25-->[androidx.core:core:1.13.1] AndroidManifest.xml:26:5-97
25-->[androidx.core:core:1.13.1] AndroidManifest.xml:26:22-94
26
27    <application
27-->src/main/AndroidManifest.xml:14:5-72:19
28        android:appComponentFactory="androidx.core.app.CoreComponentFactory"
28-->[androidx.core:core:1.13.1] AndroidManifest.xml:28:18-86
29        android:debuggable="true"
30        android:extractNativeLibs="false"
31        android:label="Monux" >
31-->src/main/AndroidManifest.xml:14:18-39
32        <activity
32-->src/main/AndroidManifest.xml:15:9-22:20
33            android:name="com.monux.MainActivity"
33-->src/main/AndroidManifest.xml:16:13-41
34            android:exported="true" >
34-->src/main/AndroidManifest.xml:17:13-36
35            <intent-filter>
35-->src/main/AndroidManifest.xml:18:13-21:29
36                <action android:name="android.intent.action.MAIN" />
36-->src/main/AndroidManifest.xml:19:17-69
36-->src/main/AndroidManifest.xml:19:25-66
37
38                <category android:name="android.intent.category.LAUNCHER" />
38-->src/main/AndroidManifest.xml:20:17-77
38-->src/main/AndroidManifest.xml:20:27-74
39            </intent-filter>
40        </activity>
41        <activity
41-->src/main/AndroidManifest.xml:24:9-34:20
42            android:name="com.monux.share.ShareReceiverActivity"
42-->src/main/AndroidManifest.xml:25:13-56
43            android:exported="true"
43-->src/main/AndroidManifest.xml:26:13-36
44            android:label="发送到 Linux" >
44-->src/main/AndroidManifest.xml:27:13-38
45            <intent-filter>
45-->src/main/AndroidManifest.xml:28:13-33:29
46                <action android:name="android.intent.action.SEND" />
46-->src/main/AndroidManifest.xml:29:17-69
46-->src/main/AndroidManifest.xml:29:25-66
47                <action android:name="android.intent.action.SEND_MULTIPLE" />
47-->src/main/AndroidManifest.xml:30:17-78
47-->src/main/AndroidManifest.xml:30:25-75
48
49                <category android:name="android.intent.category.DEFAULT" />
49-->src/main/AndroidManifest.xml:31:17-76
49-->src/main/AndroidManifest.xml:31:27-73
50
51                <data android:mimeType="*/*" />
51-->src/main/AndroidManifest.xml:32:17-48
51-->src/main/AndroidManifest.xml:32:23-45
52            </intent-filter>
53        </activity>
54
55        <service
55-->src/main/AndroidManifest.xml:36:9-40:56
56            android:name="com.monux.MainService"
56-->src/main/AndroidManifest.xml:37:13-40
57            android:enabled="true"
57-->src/main/AndroidManifest.xml:38:13-35
58            android:exported="false"
58-->src/main/AndroidManifest.xml:39:13-37
59            android:foregroundServiceType="dataSync" />
59-->src/main/AndroidManifest.xml:40:13-53
60        <service
60-->src/main/AndroidManifest.xml:42:9-51:19
61            android:name="com.monux.notify.MonuxNotificationListener"
61-->src/main/AndroidManifest.xml:43:13-61
62            android:enabled="true"
62-->src/main/AndroidManifest.xml:44:13-35
63            android:exported="false"
63-->src/main/AndroidManifest.xml:45:13-37
64            android:label="Monux Notification Mirror"
64-->src/main/AndroidManifest.xml:46:13-54
65            android:permission="android.permission.BIND_NOTIFICATION_LISTENER_SERVICE" >
65-->src/main/AndroidManifest.xml:47:13-87
66            <intent-filter>
66-->src/main/AndroidManifest.xml:48:13-50:29
67                <action android:name="android.service.notification.NotificationListenerService" />
67-->src/main/AndroidManifest.xml:49:17-99
67-->src/main/AndroidManifest.xml:49:25-96
68            </intent-filter>
69        </service>
70
71        <receiver
71-->src/main/AndroidManifest.xml:53:9-60:20
72            android:name="com.monux.sms.SmsReceiver"
72-->src/main/AndroidManifest.xml:54:13-44
73            android:enabled="true"
73-->src/main/AndroidManifest.xml:55:13-35
74            android:exported="true" >
74-->src/main/AndroidManifest.xml:56:13-36
75            <intent-filter android:priority="999" >
75-->src/main/AndroidManifest.xml:57:13-59:29
75-->src/main/AndroidManifest.xml:57:28-50
76                <action android:name="android.provider.Telephony.SMS_RECEIVED" />
76-->src/main/AndroidManifest.xml:58:17-82
76-->src/main/AndroidManifest.xml:58:25-79
77            </intent-filter>
78        </receiver>
79
80        <service
80-->src/main/AndroidManifest.xml:62:9-71:19
81            android:name="com.monux.screen.ScreenTileService"
81-->src/main/AndroidManifest.xml:63:13-53
82            android:exported="true"
82-->src/main/AndroidManifest.xml:64:13-36
83            android:icon="@android:drawable/stat_sys_data_bluetooth"
83-->src/main/AndroidManifest.xml:65:13-69
84            android:label="Monux 投屏"
84-->src/main/AndroidManifest.xml:66:13-37
85            android:permission="android.permission.BIND_QUICK_SETTINGS_TILE" >
85-->src/main/AndroidManifest.xml:67:13-77
86            <intent-filter>
86-->src/main/AndroidManifest.xml:68:13-70:29
87                <action android:name="android.service.quicksettings.action.QS_TILE" />
87-->src/main/AndroidManifest.xml:69:17-87
87-->src/main/AndroidManifest.xml:69:25-84
88            </intent-filter>
89        </service>
90
91        <provider
91-->[androidx.emoji2:emoji2:1.3.0] AndroidManifest.xml:24:9-32:20
92            android:name="androidx.startup.InitializationProvider"
92-->[androidx.emoji2:emoji2:1.3.0] AndroidManifest.xml:25:13-67
93            android:authorities="com.monux.androidx-startup"
93-->[androidx.emoji2:emoji2:1.3.0] AndroidManifest.xml:26:13-68
94            android:exported="false" >
94-->[androidx.emoji2:emoji2:1.3.0] AndroidManifest.xml:27:13-37
95            <meta-data
95-->[androidx.emoji2:emoji2:1.3.0] AndroidManifest.xml:29:13-31:52
96                android:name="androidx.emoji2.text.EmojiCompatInitializer"
96-->[androidx.emoji2:emoji2:1.3.0] AndroidManifest.xml:30:17-75
97                android:value="androidx.startup" />
97-->[androidx.emoji2:emoji2:1.3.0] AndroidManifest.xml:31:17-49
98            <meta-data
98-->[androidx.lifecycle:lifecycle-process:2.8.2] AndroidManifest.xml:29:13-31:52
99                android:name="androidx.lifecycle.ProcessLifecycleInitializer"
99-->[androidx.lifecycle:lifecycle-process:2.8.2] AndroidManifest.xml:30:17-78
100                android:value="androidx.startup" />
100-->[androidx.lifecycle:lifecycle-process:2.8.2] AndroidManifest.xml:31:17-49
101            <meta-data
101-->[androidx.profileinstaller:profileinstaller:1.3.1] AndroidManifest.xml:29:13-31:52
102                android:name="androidx.profileinstaller.ProfileInstallerInitializer"
102-->[androidx.profileinstaller:profileinstaller:1.3.1] AndroidManifest.xml:30:17-85
103                android:value="androidx.startup" />
103-->[androidx.profileinstaller:profileinstaller:1.3.1] AndroidManifest.xml:31:17-49
104        </provider>
105
106        <receiver
106-->[androidx.profileinstaller:profileinstaller:1.3.1] AndroidManifest.xml:34:9-52:20
107            android:name="androidx.profileinstaller.ProfileInstallReceiver"
107-->[androidx.profileinstaller:profileinstaller:1.3.1] AndroidManifest.xml:35:13-76
108            android:directBootAware="false"
108-->[androidx.profileinstaller:profileinstaller:1.3.1] AndroidManifest.xml:36:13-44
109            android:enabled="true"
109-->[androidx.profileinstaller:profileinstaller:1.3.1] AndroidManifest.xml:37:13-35
110            android:exported="true"
110-->[androidx.profileinstaller:profileinstaller:1.3.1] AndroidManifest.xml:38:13-36
111            android:permission="android.permission.DUMP" >
111-->[androidx.profileinstaller:profileinstaller:1.3.1] AndroidManifest.xml:39:13-57
112            <intent-filter>
112-->[androidx.profileinstaller:profileinstaller:1.3.1] AndroidManifest.xml:40:13-42:29
113                <action android:name="androidx.profileinstaller.action.INSTALL_PROFILE" />
113-->[androidx.profileinstaller:profileinstaller:1.3.1] AndroidManifest.xml:41:17-91
113-->[androidx.profileinstaller:profileinstaller:1.3.1] AndroidManifest.xml:41:25-88
114            </intent-filter>
115            <intent-filter>
115-->[androidx.profileinstaller:profileinstaller:1.3.1] AndroidManifest.xml:43:13-45:29
116                <action android:name="androidx.profileinstaller.action.SKIP_FILE" />
116-->[androidx.profileinstaller:profileinstaller:1.3.1] AndroidManifest.xml:44:17-85
116-->[androidx.profileinstaller:profileinstaller:1.3.1] AndroidManifest.xml:44:25-82
117            </intent-filter>
118            <intent-filter>
118-->[androidx.profileinstaller:profileinstaller:1.3.1] AndroidManifest.xml:46:13-48:29
119                <action android:name="androidx.profileinstaller.action.SAVE_PROFILE" />
119-->[androidx.profileinstaller:profileinstaller:1.3.1] AndroidManifest.xml:47:17-88
119-->[androidx.profileinstaller:profileinstaller:1.3.1] AndroidManifest.xml:47:25-85
120            </intent-filter>
121            <intent-filter>
121-->[androidx.profileinstaller:profileinstaller:1.3.1] AndroidManifest.xml:49:13-51:29
122                <action android:name="androidx.profileinstaller.action.BENCHMARK_OPERATION" />
122-->[androidx.profileinstaller:profileinstaller:1.3.1] AndroidManifest.xml:50:17-95
122-->[androidx.profileinstaller:profileinstaller:1.3.1] AndroidManifest.xml:50:25-92
123            </intent-filter>
124        </receiver>
125    </application>
126
127</manifest>